<?xml version="1.0" encoding="UTF-8"?>
<!-- Generated by org.testng.reporters.JUnitXMLReporter -->
<testsuite hostname="Hp" name="Test" tests="3" failures="0" timestamp="1 May 2020 03:54:35 GMT" time="378.685" errors="0">
  <testcase name="titleCourseValidation" time="8.347" classname="myacademy.ValidateTitleTest"/>
  <testcase name="loginByMultipleDataset" time="53.232" classname="myacademy.LoginTest"/>
  <testcase name="baseNavigationLogin" time="127.41" classname="myacademy.HomeTest"/>
</testsuite> <!-- Test -->
