<?xml version="1.0" encoding="UTF-8"?>
<!-- Generated by org.testng.reporters.JUnitXMLReporter -->
<testsuite hostname="Hp" name="Test" tests="3" failures="0" timestamp="1 May 2020 06:05:45 GMT" time="400.878" errors="0">
  <testcase name="titleCourseValidation" time="2.351" classname="myacademy.ValidateTitleTest"/>
  <testcase name="loginByMultipleDataset" time="171.637" classname="myacademy.LoginTest"/>
  <testcase name="baseNavigationLogin" time="54.767" classname="myacademy.HomeTest"/>
</testsuite> <!-- Test -->
