<?xml version="1.0" encoding="UTF-8"?>
<testng-results skipped="0" failed="0" total="3" passed="3">
  <reporter-output>
  </reporter-output>
  <suite name="Suite" duration-ms="378685" started-at="2020-05-01T03:48:15Z" finished-at="2020-05-01T03:54:34Z">
    <groups>
    </groups>
    <test name="Test" duration-ms="378685" started-at="2020-05-01T03:48:15Z" finished-at="2020-05-01T03:54:34Z">
      <class name="myacademy.ValidateTitleTest">
        <test-method status="PASS" signature="titleCourseValidation()[pri:0, instance:myacademy.ValidateTitleTest@5e5792a0]" name="titleCourseValidation" duration-ms="8347" started-at="2020-05-01T09:21:00Z" finished-at="2020-05-01T09:21:08Z">
          <reporter-output>
          </reporter-output>
        </test-method> <!-- titleCourseValidation -->
      </class> <!-- myacademy.ValidateTitleTest -->
      <class name="myacademy.HomeTest">
        <test-method status="PASS" signature="initialize()[pri:0, instance:myacademy.HomeTest@3532ec19]" name="initialize" is-config="true" duration-ms="48067" started-at="2020-05-01T09:18:15Z" finished-at="2020-05-01T09:19:03Z">
          <reporter-output>
          </reporter-output>
        </test-method> <!-- initialize -->
        <test-method status="PASS" signature="initialize()[pri:0, instance:myacademy.LoginTest@26653222]" name="initialize" is-config="true" duration-ms="64454" started-at="2020-05-01T09:19:03Z" finished-at="2020-05-01T09:20:08Z">
          <reporter-output>
          </reporter-output>
        </test-method> <!-- initialize -->
        <test-method status="PASS" signature="initialize()[pri:0, instance:myacademy.ValidateTitleTest@5e5792a0]" name="initialize" is-config="true" duration-ms="49621" started-at="2020-05-01T09:20:08Z" finished-at="2020-05-01T09:20:58Z">
          <reporter-output>
          </reporter-output>
        </test-method> <!-- initialize -->
        <test-method status="PASS" signature="baseNavigationLogin()[pri:0, instance:myacademy.HomeTest@3532ec19]" name="baseNavigationLogin" duration-ms="127410" started-at="2020-05-01T09:22:01Z" finished-at="2020-05-01T09:24:09Z">
          <reporter-output>
          </reporter-output>
        </test-method> <!-- baseNavigationLogin -->
        <test-method status="PASS" signature="closeBrowser()[pri:0, instance:myacademy.HomeTest@3532ec19]" name="closeBrowser" is-config="true" duration-ms="17538" started-at="2020-05-01T09:24:09Z" finished-at="2020-05-01T09:24:26Z">
          <reporter-output>
          </reporter-output>
        </test-method> <!-- closeBrowser -->
        <test-method status="PASS" signature="closeBrowser()[pri:0, instance:myacademy.LoginTest@26653222]" name="closeBrowser" is-config="true" duration-ms="6362" started-at="2020-05-01T09:24:26Z" finished-at="2020-05-01T09:24:33Z">
          <reporter-output>
          </reporter-output>
        </test-method> <!-- closeBrowser -->
        <test-method status="PASS" signature="closeBrowser()[pri:0, instance:myacademy.ValidateTitleTest@5e5792a0]" name="closeBrowser" is-config="true" duration-ms="1553" started-at="2020-05-01T09:24:33Z" finished-at="2020-05-01T09:24:34Z">
          <reporter-output>
          </reporter-output>
        </test-method> <!-- closeBrowser -->
      </class> <!-- myacademy.HomeTest -->
      <class name="myacademy.LoginTest">
        <test-method status="PASS" signature="loginByMultipleDataset()[pri:0, instance:myacademy.LoginTest@26653222]" name="loginByMultipleDataset" duration-ms="53232" started-at="2020-05-01T09:21:08Z" finished-at="2020-05-01T09:22:01Z">
          <reporter-output>
          </reporter-output>
        </test-method> <!-- loginByMultipleDataset -->
      </class> <!-- myacademy.LoginTest -->
    </test> <!-- Test -->
  </suite> <!-- Suite -->
</testng-results>
